[36m--[0m Using CATKIN_DEVEL_PREFIX: /home/igor/src/catkin_ws/devel/.private/libmavconn
[36m--[0m Using CMAKE_PREFIX_PATH: /home/igor/src/catkin_ws/devel;/opt/ros/melodic
[36m--[0m This workspace overlays: /home/igor/src/catkin_ws/devel;/opt/ros/melodic
[36m--[0m Found PythonInterp: /usr/bin/python2 (found suitable version "2.7.17", minimum required is "2")
[36m--[0m Using PYTHON_EXECUTABLE: /usr/bin/python2
[36m--[0m Using Debian Python package layout
[36m--[0m Using empy: /usr/bin/empy
[36m--[0m Using CATKIN_ENABLE_TESTING: ON
[36m--[0m Call enable_testing()
[36m--[0m Using CATKIN_TEST_RESULTS_DIR: /home/igor/src/catkin_ws/build/libmavconn/test_results
[36m--[0m Found gtest sources under '/usr/src/googletest': gtests will be built
[36m--[0m Found gmock sources under '/usr/src/googletest': gmock will be built
[36m--[0m Found PythonInterp: /usr/bin/python2 (found version "2.7.17")
[36m--[0m Using Python nosetests: /usr/bin/nosetests-2.7
[36m--[0m catkin 0.7.29
[36m--[0m BUILD_SHARED_LIBS is on
[36m--[0m Boost version: 1.65.1
[36m--[0m Found the following Boost libraries:
[36m--[0m   system
[31m[1mCMake Error[0m at /home/igor/src/catkin_ws/src/mavros/libmavconn/cmake/Modules/MavrosMavlink.cmake:3 (find_package):
  By not providing "Findmavlink.cmake" in CMAKE_MODULE_PATH this project has
  asked CMake to find a package configuration file provided by "mavlink", but
  CMake did not find one.

  Could not find a package configuration file provided by "mavlink" with any
  of the following names:

    mavlinkConfig.cmake
    mavlink-config.cmake

  Add the installation prefix of "mavlink" to CMAKE_PREFIX_PATH or set
  "mavlink_DIR" to a directory containing one of the above files.  If
  "mavlink" provides a separate development package or SDK, be sure it has
  been installed.
[36mCall Stack (most recent call first):[0m
  CMakeLists.txt:16 (include)


[36m--[0m Configuring incomplete, errors occurred!
See also "/home/igor/src/catkin_ws/build/libmavconn/CMakeFiles/CMakeOutput.log".
See also "/home/igor/src/catkin_ws/build/libmavconn/CMakeFiles/CMakeError.log".
Makefile:640: recipe for target 'cmake_check_build_system' failed
make: *** [cmake_check_build_system] Error 1
